[debug] [2023-05-04T16:53:42.043Z] ----------------------------------------------------------------------
[debug] [2023-05-04T16:53:42.044Z] Command:       C:\Program Files\nodejs\node.exe C:\Users\Hp\AppData\Roaming\npm\node_modules\firebase-tools\lib\bin\firebase.js init
[debug] [2023-05-04T16:53:42.045Z] CLI Version:   11.30.0
[debug] [2023-05-04T16:53:42.045Z] Platform:      win32
[debug] [2023-05-04T16:53:42.045Z] Node Version:  v18.12.1
[debug] [2023-05-04T16:53:42.046Z] Time:          Thu May 04 2023 22:53:42 GMT+0600 (Bangladesh Standard Time)
[debug] [2023-05-04T16:53:42.046Z] ----------------------------------------------------------------------
[debug] 
[debug] [2023-05-04T16:53:42.052Z] > command requires scopes: ["email","openid","https://www.googleapis.com/auth/cloudplatformprojects.readonly","https://www.googleapis.com/auth/firebase","https://www.googleapis.com/auth/cloud-platform"]
[debug] [2023-05-04T16:53:42.052Z] > authorizing via signed-in user (tonniemasarker@gmail.com)
[info] 
     ######## #### ########  ######## ########     ###     ######  ########
     ##        ##  ##     ## ##       ##     ##  ##   ##  ##       ##
     ######    ##  ########  ######   ########  #########  ######  ######
     ##        ##  ##    ##  ##       ##     ## ##     ##       ## ##
     ##       #### ##     ## ######## ########  ##     ##  ######  ########

You're about to initialize a Firebase project in this directory:

  C:\Projects\indian-masala-house-server

Before we get started, keep in mind:

  * You are currently outside your home directory

